christian -3.09003715312208315780
gritty -3.09003715312208315780
nothing -3.09003715312208315780
atmosphere -2.48573279098607935467
comics -2.48573279098607935467
crap -2.48573279098607935467
excellent -2.48573279098607935467
feature -2.48573279098607935467
giving -2.48573279098607935467
jeffrey -2.48573279098607935467
job -2.48573279098607935467
likely -2.48573279098607935467
lower -2.48573279098607935467
masterpiece -2.48573279098607935467
never -2.48573279098607935467
perfect -2.48573279098607935467
pieces -2.48573279098607935467
please -2.48573279098607935467
run -2.48573279098607935467
should -2.48573279098607935467
two -2.48573279098607935467
within -2.48573279098607935467
make -2.34778431459303016382
no -2.34778431459303016382
of -2.34778431459303016382
old -2.27818096240329381885
super -2.27818096240329381885
way -2.27818096240329381885
over -2.02747155452709737489
2022 -1.84960550993327421665
absolutely -1.84960550993327421665
ace -1.84960550993327421665
act -1.84960550993327421665
addition -1.84960550993327421665
against -1.84960550993327421665
anti -1.84960550993327421665
aspect -1.84960550993327421665
between -1.84960550993327421665
caped -1.84960550993327421665
caught -1.84960550993327421665
cloverfield -1.84960550993327421665
comic -1.84960550993327421665
compare -1.84960550993327421665
context -1.84960550993327421665
darker -1.84960550993327421665
darkness -1.84960550993327421665
depth -1.84960550993327421665
design -1.84960550993327421665
development -1.84960550993327421665
directed -1.84960550993327421665
disturbing -1.84960550993327421665
easily -1.84960550993327421665
familiarity -1.84960550993327421665
far -1.84960550993327421665
fighting -1.84960550993327421665
focusing -1.84960550993327421665
fraser -1.84960550993327421665
full -1.84960550993327421665
fun -1.84960550993327421665
greatest -1.84960550993327421665
greig -1.84960550993327421665
issues -1.84960550993327421665
james -1.84960550993327421665
kravitz -1.84960550993327421665
lack -1.84960550993327421665
ledger -1.84960550993327421665
mask -1.84960550993327421665
michelle -1.84960550993327421665
narrative -1.84960550993327421665
new -1.84960550993327421665
peter -1.84960550993327421665
pfeiffer -1.84960550993327421665
plays -1.84960550993327421665
poor -1.84960550993327421665
production -1.84960550993327421665
putting -1.84960550993327421665
puzzle -1.84960550993327421665
script -1.84960550993327421665
see -1.84960550993327421665
sequence -1.84960550993327421665
she -1.84960550993327421665
sorry -1.84960550993327421665
standing -1.84960550993327421665
strongly -1.84960550993327421665
subtle -1.84960550993327421665
such -1.84960550993327421665
themselves -1.84960550993327421665
therefore -1.84960550993327421665
thing -1.84960550993327421665
together -1.84960550993327421665
try -1.84960550993327421665
twilight -1.84960550993327421665
typical -1.84960550993327421665
unlikely -1.84960550993327421665
unrecognizable -1.84960550993327421665
us -1.84960550993327421665
version -1.84960550993327421665
watching -1.84960550993327421665
zoë -1.84960550993327421665
on -1.79867618244905980163
acting -1.71639695572896289200
also -1.71639695572896289200
bad -1.71639695572896289200
bale -1.71639695572896289200
boring -1.71639695572896289200
choice -1.71639695572896289200
second -1.71639695572896289200
something -1.71639695572896289200
terrible -1.71639695572896289200
will -1.71639695572896289200
zoe -1.71639695572896289200
was -1.62604707174086349220
about -1.58034907142225722332
even -1.58034907142225722332
is -1.58034907142225722332
movie -1.49053147975495647870
my -1.39346771223366383552
up -1.39346771223366383552
after -1.35930484518266636584
catwoman -1.35930484518266636584
colin -1.35930484518266636584
hero -1.35930484518266636584
little -1.35930484518266636584
michael -1.35930484518266636584
paul -1.35930484518266636584
plot -1.35930484518266636584
are -1.25509275443107259917
dark -1.25509275443107259917
one -1.25509275443107259917
that -1.25509275443107259917
100 -1.14787446444932750289
13 -1.14787446444932750289
180 -1.14787446444932750289
2008 -1.14787446444932750289
2019 -1.14787446444932750289
30 -1.14787446444932750289
36 -1.14787446444932750289
abilities -1.14787446444932750289
above -1.14787446444932750289
abundance -1.14787446444932750289
accent -1.14787446444932750289
accepted -1.14787446444932750289
actor -1.14787446444932750289
advanced -1.14787446444932750289
advise -1.14787446444932750289
affair -1.14787446444932750289
affectively -1.14787446444932750289
aided -1.14787446444932750289
aimed -1.14787446444932750289
alive -1.14787446444932750289
alleviated -1.14787446444932750289
alley -1.14787446444932750289
alleys -1.14787446444932750289
allowed -1.14787446444932750289
allows -1.14787446444932750289
alluring -1.14787446444932750289
ally -1.14787446444932750289
along -1.14787446444932750289
although -1.14787446444932750289
amateur -1.14787446444932750289
amidst -1.14787446444932750289
andy -1.14787446444932750289
animated -1.14787446444932750289
animation -1.14787446444932750289
anne -1.14787446444932750289
announced -1.14787446444932750289
antidepressants -1.14787446444932750289
anybody -1.14787446444932750289
anything -1.14787446444932750289
apes -1.14787446444932750289
apparently -1.14787446444932750289
appeal -1.14787446444932750289
appears -1.14787446444932750289
appropriate -1.14787446444932750289
arch -1.14787446444932750289
arguments -1.14787446444932750289
arising -1.14787446444932750289
arkham -1.14787446444932750289
arresting -1.14787446444932750289
artistic -1.14787446444932750289
artistry -1.14787446444932750289
arts -1.14787446444932750289
artsy -1.14787446444932750289
ask -1.14787446444932750289
ass -1.14787446444932750289
at -1.14787446444932750289
auction -1.14787446444932750289
audience -1.14787446444932750289
award -1.14787446444932750289
awards -1.14787446444932750289
away -1.14787446444932750289
baaaaad -1.14787446444932750289
background -1.14787446444932750289
badly -1.14787446444932750289
balance -1.14787446444932750289
barely -1.14787446444932750289
batch -1.14787446444932750289
batman -1.14787446444932750289
battered -1.14787446444932750289
battle -1.14787446444932750289
beast -1.14787446444932750289
beautiful -1.14787446444932750289
becoming -1.14787446444932750289
beefy -1.14787446444932750289
beginning -1.14787446444932750289
behold -1.14787446444932750289
believable -1.14787446444932750289
ben -1.14787446444932750289
bewildered -1.14787446444932750289
beyond -1.14787446444932750289
bible -1.14787446444932750289
billionaire -1.14787446444932750289
blockbuster -1.14787446444932750289
blockbusters -1.14787446444932750289
blood -1.14787446444932750289
bloopers -1.14787446444932750289
boasting -1.14787446444932750289
bob -1.14787446444932750289
bombast -1.14787446444932750289
bombastic -1.14787446444932750289
booooring -1.14787446444932750289
bore -1.14787446444932750289
bothering -1.14787446444932750289
bout -1.14787446444932750289
brave -1.14787446444932750289
bravo -1.14787446444932750289
breakthrough -1.14787446444932750289
brilliance -1.14787446444932750289
brim -1.14787446444932750289
bros -1.14787446444932750289
bruised -1.14787446444932750289
but -1.14787446444932750289
caliber -1.14787446444932750289
canvas -1.14787446444932750289
capabilities -1.14787446444932750289
capturing -1.14787446444932750289
car -1.14787446444932750289
casted -1.14787446444932750289
casts -1.14787446444932750289
casual -1.14787446444932750289
cat -1.14787446444932750289
cause -1.14787446444932750289
cemented -1.14787446444932750289
centred -1.14787446444932750289
certain -1.14787446444932750289
changer -1.14787446444932750289
changes -1.14787446444932750289
chaotic -1.14787446444932750289
charisma -1.14787446444932750289
chase -1.14787446444932750289
chemistry -1.14787446444932750289
chinlund -1.14787446444932750289
choices -1.14787446444932750289
christopher -1.14787446444932750289
cinematographer -1.14787446444932750289
city -1.14787446444932750289
clearly -1.14787446444932750289
climax -1.14787446444932750289
closest -1.14787446444932750289
coal -1.14787446444932750289
collection -1.14787446444932750289
collin -1.14787446444932750289
coloured -1.14787446444932750289
combating -1.14787446444932750289
come -1.14787446444932750289
commercial -1.14787446444932750289
commissioner -1.14787446444932750289
common -1.14787446444932750289
communication -1.14787446444932750289
compared -1.14787446444932750289
complements -1.14787446444932750289
composed -1.14787446444932750289
composer -1.14787446444932750289
composes -1.14787446444932750289
composition -1.14787446444932750289
concentrated -1.14787446444932750289
concerned -1.14787446444932750289
connection -1.14787446444932750289
considered -1.14787446444932750289
constituting -1.14787446444932750289
contention -1.14787446444932750289
continued -1.14787446444932750289
continuing -1.14787446444932750289
conveying -1.14787446444932750289
convince -1.14787446444932750289
corruption -1.14787446444932750289
covered -1.14787446444932750289
crafted -1.14787446444932750289
crawling -1.14787446444932750289
create -1.14787446444932750289
creating -1.14787446444932750289
creativity -1.14787446444932750289
creature -1.14787446444932750289
criminality -1.14787446444932750289
crossed -1.14787446444932750289
crusader -1.14787446444932750289
cry -1.14787446444932750289
cullen -1.14787446444932750289
curing -1.14787446444932750289
cursader -1.14787446444932750289
cut -1.14787446444932750289
damn -1.14787446444932750289
dang -1.14787446444932750289
danny -1.14787446444932750289
dastardly -1.14787446444932750289
david -1.14787446444932750289
dawn -1.14787446444932750289
de -1.14787446444932750289
dealing -1.14787446444932750289
debris -1.14787446444932750289
decaying -1.14787446444932750289
decided -1.14787446444932750289
decision -1.14787446444932750289
dedicated -1.14787446444932750289
definitely -1.14787446444932750289
delivering -1.14787446444932750289
department -1.14787446444932750289
depicting -1.14787446444932750289
depressing -1.14787446444932750289
deserves -1.14787446444932750289
detective -1.14787446444932750289
devious -1.14787446444932750289
devito -1.14787446444932750289
dialogs -1.14787446444932750289
didn -1.14787446444932750289
dimension -1.14787446444932750289
directors -1.14787446444932750289
dirty -1.14787446444932750289
disappointment -1.14787446444932750289
disclaimer -1.14787446444932750289
dive -1.14787446444932750289
divide -1.14787446444932750289
divisive -1.14787446444932750289
dna -1.14787446444932750289
does -1.14787446444932750289
doing -1.14787446444932750289
dont -1.14787446444932750289
double -1.14787446444932750289
doubts -1.14787446444932750289
dour -1.14787446444932750289
downside -1.14787446444932750289
drags -1.14787446444932750289
drama -1.14787446444932750289
dread -1.14787446444932750289
dream -1.14787446444932750289
dreary -1.14787446444932750289
dripping -1.14787446444932750289
drivel -1.14787446444932750289
drugs -1.14787446444932750289
dude -1.14787446444932750289
duly -1.14787446444932750289
dune -1.14787446444932750289
during -1.14787446444932750289
dusk -1.14787446444932750289
each -1.14787446444932750289
early -1.14787446444932750289
earn -1.14787446444932750289
earned -1.14787446444932750289
easy -1.14787446444932750289
eddie -1.14787446444932750289
edge -1.14787446444932750289
edited -1.14787446444932750289
edward -1.14787446444932750289
effectively -1.14787446444932750289
efficiently -1.14787446444932750289
elevating -1.14787446444932750289
eli -1.14787446444932750289
embeds -1.14787446444932750289
embodied -1.14787446444932750289
emerged -1.14787446444932750289
emotion -1.14787446444932750289
emphasized -1.14787446444932750289
employing -1.14787446444932750289
encounter -1.14787446444932750289
ended -1.14787446444932750289
ends -1.14787446444932750289
energy -1.14787446444932750289
engine -1.14787446444932750289
enhances -1.14787446444932750289
enhancing -1.14787446444932750289
enough -1.14787446444932750289
ensue -1.14787446444932750289
enthralled -1.14787446444932750289
entirely -1.14787446444932750289
entries -1.14787446444932750289
environment -1.14787446444932750289
epic -1.14787446444932750289
era -1.14787446444932750289
error -1.14787446444932750289
escalation -1.14787446444932750289
essentially -1.14787446444932750289
eternals -1.14787446444932750289
everybody -1.14787446444932750289
everytime -1.14787446444932750289
example -1.14787446444932750289
exhibited -1.14787446444932750289
exhibits -1.14787446444932750289
exhilarating -1.14787446444932750289
existent -1.14787446444932750289
expecting -1.14787446444932750289
experience -1.14787446444932750289
explosive -1.14787446444932750289
exposition -1.14787446444932750289
extent -1.14787446444932750289
extraordinary -1.14787446444932750289
eyeliner -1.14787446444932750289
fair -1.14787446444932750289
famed -1.14787446444932750289
famous -1.14787446444932750289
fare -1.14787446444932750289
fashion -1.14787446444932750289
faster -1.14787446444932750289
favourite -1.14787446444932750289
fearsome -1.14787446444932750289
features -1.14787446444932750289
featuring -1.14787446444932750289
feed -1.14787446444932750289
field -1.14787446444932750289
filled -1.14787446444932750289
fills -1.14787446444932750289
filmmaker -1.14787446444932750289
filmmakers -1.14787446444932750289
fincher -1.14787446444932750289
fine -1.14787446444932750289
finest -1.14787446444932750289
fingers -1.14787446444932750289
fire -1.14787446444932750289
firstly -1.14787446444932750289
flashy -1.14787446444932750289
floor -1.14787446444932750289
fluke -1.14787446444932750289
focus -1.14787446444932750289
focused -1.14787446444932750289
foe -1.14787446444932750289
follows -1.14787446444932750289
fooled -1.14787446444932750289
foot -1.14787446444932750289
foreboding -1.14787446444932750289
forefront -1.14787446444932750289
forgetting -1.14787446444932750289
forgive -1.14787446444932750289
form -1.14787446444932750289
formidable -1.14787446444932750289
forward -1.14787446444932750289
fray -1.14787446444932750289
freaking -1.14787446444932750289
frighteningly -1.14787446444932750289
gaining -1.14787446444932750289
game -1.14787446444932750289
games -1.14787446444932750289
garden -1.14787446444932750289
gem -1.14787446444932750289
general -1.14787446444932750289
generation -1.14787446444932750289
genres -1.14787446444932750289
geoffrey -1.14787446444932750289
george -1.14787446444932750289
gesture -1.14787446444932750289
gestures -1.14787446444932750289
getting -1.14787446444932750289
gives -1.14787446444932750289
glimpse -1.14787446444932750289
glorious -1.14787446444932750289
goodness -1.14787446444932750289
goosebumps -1.14787446444932750289
gordon -1.14787446444932750289
gotham -1.14787446444932750289
grandeur -1.14787446444932750289
graphic -1.14787446444932750289
grave -1.14787446444932750289
grayson -1.14787446444932750289
greater -1.14787446444932750289
greatness -1.14787446444932750289
grim -1.14787446444932750289
grit -1.14787446444932750289
grizzly -1.14787446444932750289
grounded -1.14787446444932750289
gruesome -1.14787446444932750289
gucci -1.14787446444932750289
hadn -1.14787446444932750289
hair -1.14787446444932750289
half -1.14787446444932750289
halloween -1.14787446444932750289
hand -1.14787446444932750289
happening -1.14787446444932750289
happy -1.14787446444932750289
hard -1.14787446444932750289
hated -1.14787446444932750289
hathaway -1.14787446444932750289
haven -1.14787446444932750289
heath -1.14787446444932750289
heights -1.14787446444932750289
heir -1.14787446444932750289
held -1.14787446444932750289
help -1.14787446444932750289
helping -1.14787446444932750289
here -1.14787446444932750289
hesitate -1.14787446444932750289
hidden -1.14787446444932750289
hideous -1.14787446444932750289
hierarchy -1.14787446444932750289
hinted -1.14787446444932750289
historical -1.14787446444932750289
history -1.14787446444932750289
hit -1.14787446444932750289
hitting -1.14787446444932750289
hogging -1.14787446444932750289
hold -1.14787446444932750289
homicidal -1.14787446444932750289
honoring -1.14787446444932750289
hope -1.14787446444932750289
house -1.14787446444932750289
household -1.14787446444932750289
huge -1.14787446444932750289
hurt -1.14787446444932750289
hyped -1.14787446444932750289
icon -1.14787446444932750289
iconic -1.14787446444932750289
illuminating -1.14787446444932750289
imax -1.14787446444932750289
immature -1.14787446444932750289
immediately -1.14787446444932750289
important -1.14787446444932750289
imposing -1.14787446444932750289
impress -1.14787446444932750289
impressed -1.14787446444932750289
impressively -1.14787446444932750289
in -1.14787446444932750289
incredible -1.14787446444932750289
indeed -1.14787446444932750289
inevitably -1.14787446444932750289
influenced -1.14787446444932750289
influential -1.14787446444932750289
ing -1.14787446444932750289
inimitable -1.14787446444932750289
inner -1.14787446444932750289
innovative -1.14787446444932750289
insomnia -1.14787446444932750289
inspiration -1.14787446444932750289
instances -1.14787446444932750289
intelligent -1.14787446444932750289
interested -1.14787446444932750289
introduced -1.14787446444932750289
investigative -1.14787446444932750289
irritated -1.14787446444932750289
issue -1.14787446444932750289
jared -1.14787446444932750289
jawline -1.14787446444932750289
jeph -1.14787446444932750289
jigsaw -1.14787446444932750289
joker -1.14787446444932750289
jordan -1.14787446444932750289
just -1.14787446444932750289
kane -1.14787446444932750289
keaton -1.14787446444932750289
kicking -1.14787446444932750289
killed -1.14787446444932750289
kimi -1.14787446444932750289
known -1.14787446444932750289
kravits -1.14787446444932750289
kudos -1.14787446444932750289
landscape -1.14787446444932750289
language -1.14787446444932750289
large -1.14787446444932750289
last -1.14787446444932750289
laugh -1.14787446444932750289
league -1.14787446444932750289
leaked -1.14787446444932750289
learn -1.14787446444932750289
legacy -1.14787446444932750289
leto -1.14787446444932750289
lets -1.14787446444932750289
level -1.14787446444932750289
lies -1.14787446444932750289
lieutenant -1.14787446444932750289
light -1.14787446444932750289
lighting -1.14787446444932750289
likes -1.14787446444932750289
loaded -1.14787446444932750289
loeb -1.14787446444932750289
lol -1.14787446444932750289
longest -1.14787446444932750289
lost -1.14787446444932750289
loud -1.14787446444932750289
madness -1.14787446444932750289
magnificent -1.14787446444932750289
makeup -1.14787446444932750289
malek -1.14787446444932750289
managed -1.14787446444932750289
manages -1.14787446444932750289
managing -1.14787446444932750289
marked -1.14787446444932750289
martial -1.14787446444932750289
marvel -1.14787446444932750289
masterfully -1.14787446444932750289
masters -1.14787446444932750289
material -1.14787446444932750289
matriarch -1.14787446444932750289
mature -1.14787446444932750289
maybe -1.14787446444932750289
mean -1.14787446444932750289
means -1.14787446444932750289
meant -1.14787446444932750289
mediocre -1.14787446444932750289
mediocrity -1.14787446444932750289
meets -1.14787446444932750289
memorable -1.14787446444932750289
menacing -1.14787446444932750289
mention -1.14787446444932750289
mentioned -1.14787446444932750289
mere -1.14787446444932750289
mightily -1.14787446444932750289
mighty -1.14787446444932750289
mine -1.14787446444932750289
minimal -1.14787446444932750289
minutes -1.14787446444932750289
miscasts -1.14787446444932750289
misgivings -1.14787446444932750289
missing -1.14787446444932750289
mix -1.14787446444932750289
mode -1.14787446444932750289
modern -1.14787446444932750289
moody -1.14787446444932750289
motion -1.14787446444932750289
moves -1.14787446444932750289
movies -1.14787446444932750289
moving -1.14787446444932750289
mysteries -1.14787446444932750289
mysterious -1.14787446444932750289
mystery -1.14787446444932750289
nails -1.14787446444932750289
name -1.14787446444932750289
nature -1.14787446444932750289
necessary -1.14787446444932750289
need -1.14787446444932750289
needed -1.14787446444932750289
needs -1.14787446444932750289
next -1.14787446444932750289
night -1.14787446444932750289
nightwing -1.14787446444932750289
niro -1.14787446444932750289
nods -1.14787446444932750289
noir -1.14787446444932750289
nooooooo -1.14787446444932750289
normal -1.14787446444932750289
noteworthy -1.14787446444932750289
novel -1.14787446444932750289
number -1.14787446444932750289
obligatory -1.14787446444932750289
off -1.14787446444932750289
offense -1.14787446444932750289
offered -1.14787446444932750289
offers -1.14787446444932750289
officially -1.14787446444932750289
officials -1.14787446444932750289
often -1.14787446444932750289
oh -1.14787446444932750289
ok -1.14787446444932750289
oozes -1.14787446444932750289
opposites -1.14787446444932750289
order -1.14787446444932750289
oriented -1.14787446444932750289
origin -1.14787446444932750289
oscar -1.14787446444932750289
outside -1.14787446444932750289
outstandingly -1.14787446444932750289
overshadowed -1.14787446444932750289
overused -1.14787446444932750289
owner -1.14787446444932750289
oz -1.14787446444932750289
pacing -1.14787446444932750289
paid -1.14787446444932750289
painting -1.14787446444932750289
palette -1.14787446444932750289
parents -1.14787446444932750289
particular -1.14787446444932750289
past -1.14787446444932750289
patt -1.14787446444932750289
peak -1.14787446444932750289
perfectly -1.14787446444932750289
perpetually -1.14787446444932750289
personalities -1.14787446444932750289
pg -1.14787446444932750289
photograph -1.14787446444932750289
picked -1.14787446444932750289
planet -1.14787446444932750289
planning -1.14787446444932750289
play -1.14787446444932750289
players -1.14787446444932750289
playing -1.14787446444932750289
plotted -1.14787446444932750289
polar -1.14787446444932750289
police -1.14787446444932750289
policeman -1.14787446444932750289
poorly -1.14787446444932750289
popular -1.14787446444932750289
portrayal -1.14787446444932750289
possibly -1.14787446444932750289
potential -1.14787446444932750289
practically -1.14787446444932750289
praised -1.14787446444932750289
pre -1.14787446444932750289
precise -1.14787446444932750289
preferring -1.14787446444932750289
prestigious -1.14787446444932750289
previous -1.14787446444932750289
problems -1.14787446444932750289
profound -1.14787446444932750289
profoundly -1.14787446444932750289
project -1.14787446444932750289
prolly -1.14787446444932750289
promise -1.14787446444932750289
property -1.14787446444932750289
prosthetics -1.14787446444932750289
proving -1.14787446444932750289
prowess -1.14787446444932750289
ps4 -1.14787446444932750289
psychological -1.14787446444932750289
public -1.14787446444932750289
pulls -1.14787446444932750289
punch -1.14787446444932750289
put -1.14787446444932750289
quakes -1.14787446444932750289
question -1.14787446444932750289
questioning -1.14787446444932750289
quickly -1.14787446444932750289
rami -1.14787446444932750289
rarely -1.14787446444932750289
rat -1.14787446444932750289
rate -1.14787446444932750289
rawness -1.14787446444932750289
reach -1.14787446444932750289
reality -1.14787446444932750289
realized -1.14787446444932750289
reason -1.14787446444932750289
recall -1.14787446444932750289
recast -1.14787446444932750289
recent -1.14787446444932750289
recognise -1.14787446444932750289
recognized -1.14787446444932750289
reddish -1.14787446444932750289
reeve -1.14787446444932750289
reeves -1.14787446444932750289
references -1.14787446444932750289
refuses -1.14787446444932750289
regretted -1.14787446444932750289
regular -1.14787446444932750289
relating -1.14787446444932750289
relishes -1.14787446444932750289
remind -1.14787446444932750289
replaced -1.14787446444932750289
resemble -1.14787446444932750289
resentful -1.14787446444932750289
resolves -1.14787446444932750289
restrained -1.14787446444932750289
resulting -1.14787446444932750289
returns -1.14787446444932750289
revenge -1.14787446444932750289
reviews -1.14787446444932750289
revolution -1.14787446444932750289
revolutionary -1.14787446444932750289
revolutionize -1.14787446444932750289
revs -1.14787446444932750289
rewatch -1.14787446444932750289
ride -1.14787446444932750289
rimmed -1.14787446444932750289
rival -1.14787446444932750289
riveting -1.14787446444932750289
roles -1.14787446444932750289
route -1.14787446444932750289
runs -1.14787446444932750289
runtime -1.14787446444932750289
sadly -1.14787446444932750289
safe -1.14787446444932750289
safin -1.14787446444932750289
sans -1.14787446444932750289
satisfying -1.14787446444932750289
saw -1.14787446444932750289
saying -1.14787446444932750289
scale -1.14787446444932750289
scarier -1.14787446444932750289
scattered -1.14787446444932750289
scheme -1.14787446444932750289
screen -1.14787446444932750289
screening -1.14787446444932750289
screenplay -1.14787446444932750289
scripts -1.14787446444932750289
se7en -1.14787446444932750289
seeking -1.14787446444932750289
sees -1.14787446444932750289
sequel -1.14787446444932750289
serial -1.14787446444932750289
serious -1.14787446444932750289
serkis -1.14787446444932750289
setting -1.14787446444932750289
seven -1.14787446444932750289
shades -1.14787446444932750289
shaft -1.14787446444932750289
share -1.14787446444932750289
shortly -1.14787446444932750289
shouldn -1.14787446444932750289
show -1.14787446444932750289
showing -1.14787446444932750289
shows -1.14787446444932750289
shy -1.14787446444932750289
side -1.14787446444932750289
siege -1.14787446444932750289
signed -1.14787446444932750289
similar -1.14787446444932750289
single -1.14787446444932750289
skin -1.14787446444932750289
skips -1.14787446444932750289
slayed -1.14787446444932750289
slog -1.14787446444932750289
slow -1.14787446444932750289
small -1.14787446444932750289
smaller -1.14787446444932750289
snyder -1.14787446444932750289
so -1.14787446444932750289
soaked -1.14787446444932750289
soft -1.14787446444932750289
sold -1.14787446444932750289
somewhat -1.14787446444932750289
song -1.14787446444932750289
soon -1.14787446444932750289
sooooo -1.14787446444932750289
sought -1.14787446444932750289
sound -1.14787446444932750289
sounded -1.14787446444932750289
sparkling -1.14787446444932750289
specs -1.14787446444932750289
spectacular -1.14787446444932750289
spectacularity -1.14787446444932750289
speechless -1.14787446444932750289
spinoffs -1.14787446444932750289
splendid -1.14787446444932750289
spoiler -1.14787446444932750289
spot -1.14787446444932750289
spree -1.14787446444932750289
stars -1.14787446444932750289
start -1.14787446444932750289
starting -1.14787446444932750289
state -1.14787446444932750289
steps -1.14787446444932750289
stick -1.14787446444932750289
stoned -1.14787446444932750289
stop -1.14787446444932750289
stops -1.14787446444932750289
storyline -1.14787446444932750289
strategy -1.14787446444932750289
streets -1.14787446444932750289
strong -1.14787446444932750289
struggling -1.14787446444932750289
stuck -1.14787446444932750289
stuffed -1.14787446444932750289
stunt -1.14787446444932750289
stylish -1.14787446444932750289
substance -1.14787446444932750289
suggestive -1.14787446444932750289
sunday -1.14787446444932750289
surely -1.14787446444932750289
surprise -1.14787446444932750289
surprises -1.14787446444932750289
surprising -1.14787446444932750289
suspense -1.14787446444932750289
symphony -1.14787446444932750289
taken -1.14787446444932750289
takes -1.14787446444932750289
taking -1.14787446444932750289
tale -1.14787446444932750289
talents -1.14787446444932750289
tales -1.14787446444932750289
tall -1.14787446444932750289
target -1.14787446444932750289
targeting -1.14787446444932750289
targets -1.14787446444932750289
task -1.14787446444932750289
tdk -1.14787446444932750289
term -1.14787446444932750289
terms -1.14787446444932750289
terrifying -1.14787446444932750289
thankfully -1.14787446444932750289
theater -1.14787446444932750289
thematic -1.14787446444932750289
these -1.14787446444932750289
things -1.14787446444932750289
thirds -1.14787446444932750289
thrillers -1.14787446444932750289
thrilling -1.14787446444932750289
tie -1.14787446444932750289
tied -1.14787446444932750289
till -1.14787446444932750289
ton -1.14787446444932750289
toned -1.14787446444932750289
tormented -1.14787446444932750289
total -1.14787446444932750289
totally -1.14787446444932750289
transformation -1.14787446444932750289
transparency -1.14787446444932750289
transported -1.14787446444932750289
transporting -1.14787446444932750289
trend -1.14787446444932750289
tries -1.14787446444932750289
tunnels -1.14787446444932750289
turn -1.14787446444932750289
turned -1.14787446444932750289
turning -1.14787446444932750289
type -1.14787446444932750289
ummphhh -1.14787446444932750289
un -1.14787446444932750289
underground -1.14787446444932750289
understand -1.14787446444932750289
understands -1.14787446444932750289
underwhelming -1.14787446444932750289
undoubtedly -1.14787446444932750289
unforgettable -1.14787446444932750289
unfortunately -1.14787446444932750289
unique -1.14787446444932750289
universe -1.14787446444932750289
unnerving -1.14787446444932750289
unprecedented -1.14787446444932750289
untangling -1.14787446444932750289
untypical -1.14787446444932750289
unwieldy -1.14787446444932750289
uses -1.14787446444932750289
usual -1.14787446444932750289
valuable -1.14787446444932750289
vampire -1.14787446444932750289
various -1.14787446444932750289
vehicle -1.14787446444932750289
verbal -1.14787446444932750289
verdict -1.14787446444932750289
vibe -1.14787446444932750289
vibes -1.14787446444932750289
victim -1.14787446444932750289
view -1.14787446444932750289
viewers -1.14787446444932750289
violence -1.14787446444932750289
visceral -1.14787446444932750289
visit -1.14787446444932750289
visual -1.14787446444932750289
voice -1.14787446444932750289
vulnerable -1.14787446444932750289
waiting -1.14787446444932750289
want -1.14787446444932750289
war -1.14787446444932750289
warner -1.14787446444932750289
ways -1.14787446444932750289
we -1.14787446444932750289
wearing -1.14787446444932750289
were -1.14787446444932750289
weren -1.14787446444932750289
which -1.14787446444932750289
whilst -1.14787446444932750289
whom -1.14787446444932750289
whose -1.14787446444932750289
wife -1.14787446444932750289
wild -1.14787446444932750289
win -1.14787446444932750289
winning -1.14787446444932750289
wise -1.14787446444932750289
witness -1.14787446444932750289
won -1.14787446444932750289
wondering -1.14787446444932750289
wore -1.14787446444932750289
working -1.14787446444932750289
world -1.14787446444932750289
worldview -1.14787446444932750289
worries -1.14787446444932750289
worth -1.14787446444932750289
worthy -1.14787446444932750289
wowed -1.14787446444932750289
yes -1.14787446444932750289
yesterday -1.14787446444932750289
yet -1.14787446444932750289
young -1.14787446444932750289
youtube -1.14787446444932750289
zack -1.14787446444932750289
zero -1.14787446444932750289
zodiac -1.14787446444932750289
any -1.00590833043387584134
much -1.00590833043387584134
think -1.00590833043387584134
all -0.99130157816575170671
as -0.90292900748851445680
film -0.90292900748851445680
what -0.90292900748851445680
almost -0.88136727177202878192
book -0.88136727177202878192
different -0.88136727177202878192
done -0.88136727177202878192
how -0.88136727177202878192
let -0.88136727177202878192
nolan -0.88136727177202878192
thought -0.88136727177202878192
well -0.88136727177202878192
from -0.82421754438792249609
have -0.82421754438792249609
not -0.82421754438792249609
some -0.82421754438792249609
with -0.82421754438792249609
be -0.76173812392498729817
before -0.73501112983708460913
could -0.73501112983708460913
ever -0.73501112983708460913
fan -0.73501112983708460913
films -0.73501112983708460913
him -0.73501112983708460913
hour -0.73501112983708460913
matt -0.73501112983708460913
say -0.73501112983708460913
when -0.73501112983708460913
worst -0.73501112983708460913
like -0.71070619324234707292
you -0.71070619324234707292
good -0.66808242207922974298
farrell -0.64038537691559638265
more -0.64038537691559638265
story -0.64038537691559638265
alter -0.57322800735831280772
ambitious -0.57322800735831280772
and -0.57322800735831280772
anymore -0.57322800735831280772
barry -0.57322800735831280772
beloved -0.57322800735831280772
big -0.57322800735831280772
bored -0.57322800735831280772
boy -0.57322800735831280772
brooding -0.57322800735831280772
burton -0.57322800735831280772
by -0.57322800735831280772
called -0.57322800735831280772
can -0.57322800735831280772
casting -0.57322800735831280772
character -0.57322800735831280772
cinema -0.57322800735831280772
cinematic -0.57322800735831280772
clooney -0.57322800735831280772
colors -0.57322800735831280772
comes -0.57322800735831280772
coming -0.57322800735831280772
complete -0.57322800735831280772
completely -0.57322800735831280772
continues -0.57322800735831280772
couldn -0.57322800735831280772
cringey -0.57322800735831280772
darkest -0.57322800735831280772
ego -0.57322800735831280772
elements -0.57322800735831280772
emo -0.57322800735831280772
enduringly -0.57322800735831280772
especially -0.57322800735831280772
established -0.57322800735831280772
everything -0.57322800735831280772
exciting -0.57322800735831280772
expect -0.57322800735831280772
expectations -0.57322800735831280772
face -0.57322800735831280772
fans -0.57322800735831280772
fantastic -0.57322800735831280772
favorite -0.57322800735831280772
feels -0.57322800735831280772
few -0.57322800735831280772
fight -0.57322800735831280772
final -0.57322800735831280772
fit -0.57322800735831280772
found -0.57322800735831280772
frame -0.57322800735831280772
free -0.57322800735831280772
genre -0.57322800735831280772
give -0.57322800735831280772
got -0.57322800735831280772
happened -0.57322800735831280772
hate -0.57322800735831280772
hell -0.57322800735831280772
her -0.57322800735831280772
high -0.57322800735831280772
himself -0.57322800735831280772
holds -0.57322800735831280772
holes -0.57322800735831280772
hollywood -0.57322800735831280772
horror -0.57322800735831280772
interpretation -0.57322800735831280772
into -0.57322800735831280772
isn -0.57322800735831280772
itself -0.57322800735831280772
joke -0.57322800735831280772
justice -0.57322800735831280772
keeps -0.57322800735831280772
keoghan -0.57322800735831280772
kid -0.57322800735831280772
killer -0.57322800735831280772
killing -0.57322800735831280772
kyle -0.57322800735831280772
least -0.57322800735831280772
ll -0.57322800735831280772
long -0.57322800735831280772
main -0.57322800735831280772
master -0.57322800735831280772
may -0.57322800735831280772
mobile -0.57322800735831280772
narration -0.57322800735831280772
non -0.57322800735831280772
nor -0.57322800735831280772
others -0.57322800735831280772
overlong -0.57322800735831280772
paced -0.57322800735831280772
part -0.57322800735831280772
performances -0.57322800735831280772
piece -0.57322800735831280772
positive -0.57322800735831280772
pretentious -0.57322800735831280772
pretty -0.57322800735831280772
probably -0.57322800735831280772
problem -0.57322800735831280772
revealing -0.57322800735831280772
review -0.57322800735831280772
rich -0.57322800735831280772
right -0.57322800735831280772
sad -0.57322800735831280772
same -0.57322800735831280772
sarsgaard -0.57322800735831280772
score -0.57322800735831280772
seeing -0.57322800735831280772
seem -0.57322800735831280772
seemingly -0.57322800735831280772
seems -0.57322800735831280772
selina -0.57322800735831280772
series -0.57322800735831280772
seriously -0.57322800735831280772
shine -0.57322800735831280772
shot -0.57322800735831280772
simply -0.57322800735831280772
since -0.57322800735831280772
someone -0.57322800735831280772
soundtrack -0.57322800735831280772
starts -0.57322800735831280772
still -0.57322800735831280772
style -0.57322800735831280772
success -0.57322800735831280772
supporting -0.57322800735831280772
surprised -0.57322800735831280772
take -0.57322800735831280772
than -0.57322800735831280772
them -0.57322800735831280772
three -0.57322800735831280772
tim -0.57322800735831280772
times -0.57322800735831280772
titular -0.57322800735831280772
tone -0.57322800735831280772
touch -0.57322800735831280772
tried -0.57322800735831280772
trilogy -0.57322800735831280772
unnecessary -0.57322800735831280772
unrecognisable -0.57322800735831280772
vigilante -0.57322800735831280772
wait -0.57322800735831280772
wasn -0.57322800735831280772
whatsoever -0.57322800735831280772
without -0.57322800735831280772
worse -0.57322800735831280772
wright -0.57322800735831280772
years -0.57322800735831280772
for -0.52259444206965810498
pattinson -0.52259444206965810498
action -0.42354632347596604669
am -0.42354632347596604669
amazing -0.42354632347596604669
awesome -0.42354632347596604669
because -0.42354632347596604669
better -0.42354632347596604669
brilliant -0.42354632347596604669
bruce -0.42354632347596604669
director -0.42354632347596604669
disappointed -0.42354632347596604669
doesn -0.42354632347596604669
every -0.42354632347596604669
falcone -0.42354632347596604669
find -0.42354632347596604669
get -0.42354632347596604669
giacchino -0.42354632347596604669
go -0.42354632347596604669
god -0.42354632347596604669
going -0.42354632347596604669
guy -0.42354632347596604669
honestly -0.42354632347596604669
however -0.42354632347596604669
know -0.42354632347596604669
life -0.42354632347596604669
look -0.42354632347596604669
looks -0.42354632347596604669
lot -0.42354632347596604669
love -0.42354632347596604669
made -0.42354632347596604669
massive -0.42354632347596604669
music -0.42354632347596604669
now -0.42354632347596604669
only -0.42354632347596604669
other -0.42354632347596604669
place -0.42354632347596604669
point -0.42354632347596604669
rain -0.42354632347596604669
scene -0.42354632347596604669
sure -0.42354632347596604669
through -0.42354632347596604669
to -0.42354632347596604669
villain -0.42354632347596604669
where -0.42354632347596604669
whole -0.42354632347596604669
woman -0.42354632347596604669
your -0.42354632347596604669
again -0.34890947891541251868
bat -0.34890947891541251868
best -0.34890947891541251868
cast -0.34890947891541251868
cinematography -0.34890947891541251868
dano -0.34890947891541251868
dc -0.34890947891541251868
do -0.34890947891541251868
don -0.34890947891541251868
felt -0.34890947891541251868
might -0.34890947891541251868
most -0.34890947891541251868
people -0.34890947891541251868
re -0.34890947891541251868
watch -0.34890947891541251868
another -0.30261612521928488162
did -0.30261612521928488162
end -0.30261612521928488162
had -0.30261612521928488162
has -0.30261612521928488162
his -0.30261612521928488162
many -0.30261612521928488162
penguin -0.30261612521928488162
really -0.30261612521928488162
an -0.27046500633933201474
or -0.27046500633933201474
robert -0.27046500633933201474
then -0.27046500633933201474
would -0.27046500633933201474
great -0.24652567625164728549
its -0.24652567625164728549
out -0.24652567625164728549
there -0.24652567625164728549
time -0.24652567625164728549
very -0.24652567625164728549
he -0.22783778358045198020
they -0.22783778358045198020
10 0.00000000000000000000
15 0.00000000000000000000
6ft 0.00000000000000000000
70 0.00000000000000000000
90 0.00000000000000000000
absolute 0.00000000000000000000
absurd 0.00000000000000000000
absurdity 0.00000000000000000000
actors 0.00000000000000000000
actual 0.00000000000000000000
actually 0.00000000000000000000
adam 0.00000000000000000000
adaptation 0.00000000000000000000
admire 0.00000000000000000000
admit 0.00000000000000000000
adrian 0.00000000000000000000
adults 0.00000000000000000000
adventure 0.00000000000000000000
aesthetic 0.00000000000000000000
affleck 0.00000000000000000000
ages 0.00000000000000000000
agree 0.00000000000000000000
ahead 0.00000000000000000000
alfred 0.00000000000000000000
allow 0.00000000000000000000
already 0.00000000000000000000
always 0.00000000000000000000
angry 0.00000000000000000000
answer 0.00000000000000000000
anticipated 0.00000000000000000000
anyone 0.00000000000000000000
appeared 0.00000000000000000000
appearing 0.00000000000000000000
appreciate 0.00000000000000000000
arabia 0.00000000000000000000
arcs 0.00000000000000000000
around 0.00000000000000000000
artistes 0.00000000000000000000
attack 0.00000000000000000000
attacks 0.00000000000000000000
attention 0.00000000000000000000
avant 0.00000000000000000000
avengers 0.00000000000000000000
awful 0.00000000000000000000
awkward 0.00000000000000000000
back 0.00000000000000000000
badass 0.00000000000000000000
bail 0.00000000000000000000
ball 0.00000000000000000000
basically 0.00000000000000000000
basket 0.00000000000000000000
batmans 0.00000000000000000000
batmobile 0.00000000000000000000
bearable 0.00000000000000000000
beats 0.00000000000000000000
beautifully 0.00000000000000000000
became 0.00000000000000000000
become 0.00000000000000000000
beef 0.00000000000000000000
been 0.00000000000000000000
begins 0.00000000000000000000
behind 0.00000000000000000000
being 0.00000000000000000000
believe 0.00000000000000000000
believed 0.00000000000000000000
bent 0.00000000000000000000
biden 0.00000000000000000000
bigger 0.00000000000000000000
biggest 0.00000000000000000000
bit 0.00000000000000000000
black 0.00000000000000000000
blatantly 0.00000000000000000000
bleak 0.00000000000000000000
blew 0.00000000000000000000
body 0.00000000000000000000
bombs 0.00000000000000000000
bone 0.00000000000000000000
bones 0.00000000000000000000
boo 0.00000000000000000000
booked 0.00000000000000000000
bordering 0.00000000000000000000
boss 0.00000000000000000000
both 0.00000000000000000000
bots 0.00000000000000000000
boxes 0.00000000000000000000
brings 0.00000000000000000000
brown 0.00000000000000000000
budgets 0.00000000000000000000
buffet 0.00000000000000000000
built 0.00000000000000000000
bulk 0.00000000000000000000
burns 0.00000000000000000000
calling 0.00000000000000000000
calls 0.00000000000000000000
camaro 0.00000000000000000000
came 0.00000000000000000000
camera 0.00000000000000000000
campiness 0.00000000000000000000
canyon 0.00000000000000000000
captivating 0.00000000000000000000
care 0.00000000000000000000
carmine 0.00000000000000000000
certainly 0.00000000000000000000
cesspool 0.00000000000000000000
change 0.00000000000000000000
changed 0.00000000000000000000
characters 0.00000000000000000000
checked 0.00000000000000000000
chilling 0.00000000000000000000
choreographed 0.00000000000000000000
cinemas 0.00000000000000000000
class 0.00000000000000000000
classic 0.00000000000000000000
clear 0.00000000000000000000
cliche 0.00000000000000000000
clicks 0.00000000000000000000
close 0.00000000000000000000
coke 0.00000000000000000000
college 0.00000000000000000000
collision 0.00000000000000000000
colorful 0.00000000000000000000
colson 0.00000000000000000000
commentary 0.00000000000000000000
comparing 0.00000000000000000000
complaints 0.00000000000000000000
confused 0.00000000000000000000
conventionally 0.00000000000000000000
coolest 0.00000000000000000000
costume 0.00000000000000000000
costumes 0.00000000000000000000
course 0.00000000000000000000
cram 0.00000000000000000000
creation 0.00000000000000000000
credits 0.00000000000000000000
creepy 0.00000000000000000000
crime 0.00000000000000000000
cringe 0.00000000000000000000
crossing 0.00000000000000000000
crow 0.00000000000000000000
cum 0.00000000000000000000
cute 0.00000000000000000000
cuts 0.00000000000000000000
darkly 0.00000000000000000000
darth 0.00000000000000000000
day 0.00000000000000000000
dead 0.00000000000000000000
deep 0.00000000000000000000
defended 0.00000000000000000000
deliver 0.00000000000000000000
delivers 0.00000000000000000000
depressant 0.00000000000000000000
depths 0.00000000000000000000
desperately 0.00000000000000000000
destroying 0.00000000000000000000
details 0.00000000000000000000
devastating 0.00000000000000000000
devoid 0.00000000000000000000
dexter 0.00000000000000000000
dialogue 0.00000000000000000000
diary 0.00000000000000000000
die 0.00000000000000000000
directing 0.00000000000000000000
direction 0.00000000000000000000
diversity 0.00000000000000000000
dorky 0.00000000000000000000
down 0.00000000000000000000
downright 0.00000000000000000000
dragged 0.00000000000000000000
drain 0.00000000000000000000
dressing 0.00000000000000000000
drop 0.00000000000000000000
drowning 0.00000000000000000000
dumb 0.00000000000000000000
eat 0.00000000000000000000
editing 0.00000000000000000000
effects 0.00000000000000000000
effort 0.00000000000000000000
eggs 0.00000000000000000000
else 0.00000000000000000000
en 0.00000000000000000000
ending 0.00000000000000000000
endless 0.00000000000000000000
engaging 0.00000000000000000000
enjoy 0.00000000000000000000
enjoyed 0.00000000000000000000
escape 0.00000000000000000000
everyone 0.00000000000000000000
evokes 0.00000000000000000000
exact 0.00000000000000000000
exactly 0.00000000000000000000
except 0.00000000000000000000
exception 0.00000000000000000000
excited 0.00000000000000000000
excluding 0.00000000000000000000
executed 0.00000000000000000000
execution 0.00000000000000000000
extremely 0.00000000000000000000
exuberant 0.00000000000000000000
eye 0.00000000000000000000
eyebrow 0.00000000000000000000
faces 0.00000000000000000000
fact 0.00000000000000000000
factor 0.00000000000000000000
failed 0.00000000000000000000
fake 0.00000000000000000000
fallen 0.00000000000000000000
falling 0.00000000000000000000
familiar 0.00000000000000000000
family 0.00000000000000000000
fashioned 0.00000000000000000000
fast 0.00000000000000000000
feel 0.00000000000000000000
feeling 0.00000000000000000000
fellas 0.00000000000000000000
fest 0.00000000000000000000
fights 0.00000000000000000000
figures 0.00000000000000000000
finish 0.00000000000000000000
finished 0.00000000000000000000
first 0.00000000000000000000
flaccid 0.00000000000000000000
flat 0.00000000000000000000
flick 0.00000000000000000000
forced 0.00000000000000000000
forgettable 0.00000000000000000000
franchise 0.00000000000000000000
franchises 0.00000000000000000000
freeze 0.00000000000000000000
friday 0.00000000000000000000
friend 0.00000000000000000000
fully 0.00000000000000000000
fuming 0.00000000000000000000
funny 0.00000000000000000000
futuristic 0.00000000000000000000
gangster 0.00000000000000000000
garbage 0.00000000000000000000
garde 0.00000000000000000000
garish 0.00000000000000000000
gave 0.00000000000000000000
gecko 0.00000000000000000000
genius 0.00000000000000000000
genuinely 0.00000000000000000000
gets 0.00000000000000000000
gimp 0.00000000000000000000
given 0.00000000000000000000
glaring 0.00000000000000000000
gloom 0.00000000000000000000
gloomy 0.00000000000000000000
goes 0.00000000000000000000
gonna 0.00000000000000000000
goods 0.00000000000000000000
gosh 0.00000000000000000000
goth 0.00000000000000000000
gothic 0.00000000000000000000
grab 0.00000000000000000000
grand 0.00000000000000000000
gravelly 0.00000000000000000000
gray 0.00000000000000000000
green 0.00000000000000000000
grown 0.00000000000000000000
guarded 0.00000000000000000000
guys 0.00000000000000000000
haha 0.00000000000000000000
hailing 0.00000000000000000000
hall 0.00000000000000000000
handful 0.00000000000000000000
happens 0.00000000000000000000
harley 0.00000000000000000000
hating 0.00000000000000000000
having 0.00000000000000000000
head 0.00000000000000000000
hearted 0.00000000000000000000
heavy 0.00000000000000000000
heck 0.00000000000000000000
hey 0.00000000000000000000
highlights 0.00000000000000000000
holland 0.00000000000000000000
honest 0.00000000000000000000
